(---------------------------------------------------------------------)
(                                                                     )
(    Allegro Netrev Import Logic                                      )
(                                                                     )
(    Drawing          : OSCILLATOR.brd                                )
(    Software Version : 17.2S052                                      )
(    Date/Time        : Thu Aug 01 10:11:18 2019                      )
(                                                                     )
(---------------------------------------------------------------------)


------ Directives ------------

Ripup etch:                  No
Ripup delete first segment:  No
Ripup retain bondwire:       No
Ripup symbols:               Always
Missing symbol has error:    No
DRC update:                  Yes
Schematic directory:         'C:\USERS\USER\DESKTOP\WORK\0801\EX1)OSCILLATOR\allegro'
Design Directory:            'C:/USERS/USER/DESKTOP/WORK/0801/EX1)OSCILLATOR/allegro'
Old design name:             'C:/USERS/USER/DESKTOP/WORK/0801/EX1)OSCILLATOR/allegro/OSCILLATOR.brd'
New design name:             'C:/USERS/USER/DESKTOP/WORK/0801/EX1)OSCILLATOR/allegro/OSCILLATOR.brd'

CmdLine: netrev.exe -y 1 -n -i C:\USERS\USER\DESKTOP\WORK\0801\EX1)OSCILLATOR\allegro C:\USERS\USER\DESKTOP\WORK\0801\EX1)OSCILLATOR\allegro\OSCILLATOR.brd C:\USERS\USER\DESKTOP\WORK\0801\EX1)OSCILLATOR\allegro\OSCILLATOR.brd

------ Preparing to read pst files ------

Starting to read C:/USERS/USER/DESKTOP/WORK/0801/EX1)OSCILLATOR/allegro/pstchip.dat 
   Finished reading C:/USERS/USER/DESKTOP/WORK/0801/EX1)OSCILLATOR/allegro/pstchip.dat (00:00:00.03)
Starting to read C:/USERS/USER/DESKTOP/WORK/0801/EX1)OSCILLATOR/allegro/pstxprt.dat 
   Finished reading C:/USERS/USER/DESKTOP/WORK/0801/EX1)OSCILLATOR/allegro/pstxprt.dat (00:00:00.00)
Starting to read C:/USERS/USER/DESKTOP/WORK/0801/EX1)OSCILLATOR/allegro/pstxnet.dat 
   Finished reading C:/USERS/USER/DESKTOP/WORK/0801/EX1)OSCILLATOR/allegro/pstxnet.dat (00:00:00.00)

------ Oversights/Warnings/Errors ------


------ Library Paths ------
MODULEPATH =  . 
           C:/Cadence/SPB_17.2/share/local/pcb/modules 

PSMPATH =  . 
           symbols 
           .. 
           ../symbols 
           C:/Cadence/SPB_17.2/share/local/pcb/symbols 
           C:/Cadence/SPB_17.2/share/pcb/pcb_lib/symbols 
           C:/Cadence/SPB_17.2/share/pcb/allegrolib/symbols 
           C:\CADENCE\SPB_16.5\TOOLS\CAPTURE\MY_LIB\pakegesimbol\ 
           C:\Cadence\SPB_16.5\tools\capture\My_lib\pakegesimbol\ 
           C:\Users\user\Desktop\work\orcad\usb\avrusb500_r02\symbols\ 

PADPATH =  . 
           symbols 
           .. 
           ../symbols 
           C:/Cadence/SPB_17.2/share/local/pcb/padstacks 
           C:/Cadence/SPB_17.2/share/pcb/pcb_lib/symbols 
           C:/Cadence/SPB_17.2/share/pcb/allegrolib/symbols 
           C:\USERS\USER\DESKTOP\WORK\PCB_LIB\PAKEGESIMBOL\ 
           C:\Cadence\SPB_16.5\tools\capture\My_lib\pakegesimbol\ 
           C:\Cadence\SPB_16.5\tools\capture\My_lib\padstack\ 
           C:\Users\user\Desktop\work\orcad\usb\avrusb500_r02\symbols\ 


------ Summary Statistics ------


netrev run on Aug 1 10:11:18 2019
   DESIGN NAME : 'OSCILLATOR'
   PACKAGING ON Feb 18 2019 18:33:40

   COMPILE 'logic'
   CHECK_PIN_NAMES OFF
   CROSS_REFERENCE OFF
   FEEDBACK OFF
   INCREMENTAL OFF
   INTERFACE_TYPE PHYSICAL
   MAX_ERRORS 500
   MERGE_MINIMUM 5
   NET_NAME_CHARS '#%&()*+-./:=>?@[]^_`|'
   NET_NAME_LENGTH 24
   OVERSIGHTS ON
   REPLACE_CHECK OFF
   SINGLE_NODE_NETS ON
   SPLIT_MINIMUM 0
   SUPPRESS   20
   WARNINGS ON

 No error detected
 No oversight detected
 No warning detected

cpu time      0:02:29
elapsed time  0:00:01

