(---------------------------------------------------------------------)
(                                                                     )
(    ARTWORK LOG                                                      )
(                                                                     )
(    Drawing          : OSCILLATOR.brd                                )
(    Software Version : 17.2S052                                      )
(    Date/Time        : Thu Aug 01 12:06:38 2019                      )
(                                                                     )
(---------------------------------------------------------------------)


 ---- Photoplot outline rectangle not found; using drawing extents.



Results from parameter file ...
    DEVICE-TYPE           GERBER_RS274X
    OUTPUT-UNITS          MM
    FILM-SIZE             2400000 1600000
    FORMAT                2.5
    ABORT-ON-ERROR        NO
    SCALE                 1
    SUPPRESS-LEAD-ZEROES  YES
    SUPPRESS-TRAIL-ZEROES NO
    SUPPRESS-EQUAL        YES
    UNDEF-APT-CONT        NO



================================================================
     PROCESSING FILM < TOP >
     TO FILE < C:/Users/user/Desktop/work/0801/EX1)OSCILLATOR/allegro/gerber/TOP.art > ...
================================================================

  FILM PARAMETERS :
  ---------------------------------------------------------
  Undefined line width                0.0000
  Mirror code                         NONE
  Rotate angle                        NONE
  Offset x:                           0.0000
  Offset y:                           0.0000
  Plot negative                       NO
  Suppress unconnected internal pads  NO
  Draw holes only                     NO

    WARNING: Film contains objects with associated DRCs (3).
           In the design editor view this film and enable visibility for the
           associated DRC layer. Verify the DRCs are approved exceptions to your rules.


  APERTURES USED:
  ---------------------------------------------------------
  TYPE       SIZE/NAME                   ROT   MIRROR MODE 
  ---------------------------------------------------------
  CIRCLE     0.50000                                  DARK 
  CIRCLE     0.60960                                  DARK 
  CIRCLE     0.63500                                  DARK 
  CIRCLE     1.00000                                  DARK 
  CIRCLE     1.52400                                  DARK 
  CIRCLE     1.65100                                  DARK 
  CIRCLE     1.90500                                  DARK 
  SQUARE     1.52400                     0.000 NO     DARK 
  SQUARE     1.90500                     0.000 NO     DARK 

     TOP created with warnings


================================================================
     PROCESSING FILM < BOTTOM >
     TO FILE < C:/Users/user/Desktop/work/0801/EX1)OSCILLATOR/allegro/gerber/BOTTOM.art > ...
================================================================

  FILM PARAMETERS :
  ---------------------------------------------------------
  Undefined line width                0.0000
  Mirror code                         NONE
  Rotate angle                        NONE
  Offset x:                           0.0000
  Offset y:                           0.0000
  Plot negative                       NO
  Suppress unconnected internal pads  NO
  Draw holes only                     NO

    WARNING: Film contains objects with associated DRCs (18).
           In the design editor view this film and enable visibility for the
           associated DRC layer. Verify the DRCs are approved exceptions to your rules.


  APERTURES USED:
  ---------------------------------------------------------
  TYPE       SIZE/NAME                   ROT   MIRROR MODE 
  ---------------------------------------------------------
  CIRCLE     0.50000                                  DARK 
  CIRCLE     0.60960                                  DARK 
  CIRCLE     0.63500                                  DARK 
  CIRCLE     1.00000                                  DARK 
  CIRCLE     1.52400                                  DARK 
  CIRCLE     1.65100                                  DARK 
  CIRCLE     1.90500                                  DARK 
  SQUARE     1.52400                     0.000 NO     DARK 
  SQUARE     1.90500                     0.000 NO     DARK 

     BOTTOM created with warnings


================================================================
     PROCESSING FILM < Design >
     TO FILE < C:/Users/user/Desktop/work/0801/EX1)OSCILLATOR/allegro/gerber/Design.art > ...
================================================================

  FILM PARAMETERS :
  ---------------------------------------------------------
  Undefined line width                0.0000
  Mirror code                         NONE
  Rotate angle                        NONE
  Offset x:                           0.0000
  Offset y:                           0.0000
  Plot negative                       NO
  Suppress unconnected internal pads  NO
  Draw holes only                     NO

    WARNING: Film contains layer ROUTE KEEPOUT/ALL that should not normally be used etch (conductor) layers.
    WARNING: Film contains layer ROUTE KEEPIN/ALL that should not normally be used etch (conductor) layers.
    WARNING: Film contains layer PACKAGE KEEPIN/ALL that should not normally be used etch (conductor) layers.
           
    WARNING: Film contains objects with associated DRCs (21).
           In the design editor view this film and enable visibility for the
           associated DRC layer. Verify the DRCs are approved exceptions to your rules.
    WARNING: more than one pin class in film record
    WARNING: more than one via class in film record
    WARNING: more than one etch class in film record
    WARNING: rectangle or unfilled shape composed 0 width line found at (0.0000 0.0000)
           ... ignored.

    WARNING: rectangle or unfilled shape having Multiple 0 width lines; all will be treated the same as the first.
           ... ignored.

    WARNING: 0 width line found at (0.0000 72.5000)
           ... ignored.

    WARNING: Multiple 0 width lines; all will be treated the same as the first.
           ... ignored.

    WARNING: text composed 0 width line found at (10.1600 5.0800)
           ... ignored.

    WARNING: text having Multiple 0 width lines; all will be treated the same as the first.
           ... ignored.



  APERTURES USED:
  ---------------------------------------------------------
  TYPE       SIZE/NAME                   ROT   MIRROR MODE 
  ---------------------------------------------------------
  CIRCLE     0.30000                                  DARK 
  CIRCLE     0.50000                                  DARK 
  CIRCLE     0.60960                                  DARK 
  CIRCLE     0.63500                                  DARK 
  CIRCLE     1.00000                                  DARK 
  CIRCLE     1.52400                                  DARK 
  CIRCLE     1.65100                                  DARK 
  CIRCLE     1.90500                                  DARK 
  SQUARE     1.52400                     0.000 NO     DARK 
  SQUARE     1.90500                     0.000 NO     DARK 

     Design created with warnings


================================================================
     PROCESSING FILM < SilkTop >
     TO FILE < C:/Users/user/Desktop/work/0801/EX1)OSCILLATOR/allegro/gerber/SilkTop.art > ...
================================================================

  FILM PARAMETERS :
  ---------------------------------------------------------
  Undefined line width                0.2000
  Mirror code                         NONE
  Rotate angle                        NONE
  Offset x:                           0.0000
  Offset y:                           0.0000
  Plot negative                       NO
  Suppress unconnected internal pads  NO
  Draw holes only                     NO



  APERTURES USED:
  ---------------------------------------------------------
  TYPE       SIZE/NAME                   ROT   MIRROR MODE 
  ---------------------------------------------------------
  CIRCLE     0.20000                                  DARK 
  CIRCLE     0.30000                                  DARK 
  CIRCLE     0.50000                                  DARK 

     SilkTop created.


================================================================
     PROCESSING FILM < SilkBot >
     TO FILE < C:/Users/user/Desktop/work/0801/EX1)OSCILLATOR/allegro/gerber/SilkBot.art > ...
================================================================

  FILM PARAMETERS :
  ---------------------------------------------------------
  Undefined line width                0.2000
  Mirror code                         NONE
  Rotate angle                        NONE
  Offset x:                           0.0000
  Offset y:                           0.0000
  Plot negative                       NO
  Suppress unconnected internal pads  NO
  Draw holes only                     NO



  APERTURES USED:  NONE
     SilkBot created.


================================================================
     PROCESSING FILM < SoldermaskTop >
     TO FILE < C:/Users/user/Desktop/work/0801/EX1)OSCILLATOR/allegro/gerber/SoldermaskTop.art > ...
================================================================

  FILM PARAMETERS :
  ---------------------------------------------------------
  Undefined line width                0.0000
  Mirror code                         NONE
  Rotate angle                        NONE
  Offset x:                           0.0000
  Offset y:                           0.0000
  Plot negative                       NO
  Suppress unconnected internal pads  NO
  Draw holes only                     NO



  APERTURES USED:
  ---------------------------------------------------------
  TYPE       SIZE/NAME                   ROT   MIRROR MODE 
  ---------------------------------------------------------
  CIRCLE     1.11760                                  DARK 
  CIRCLE     1.90500                                  DARK 
  CIRCLE     2.03200                                  DARK 
  CIRCLE     3.68300                                  DARK 
  SQUARE     1.90500                     0.000 NO     DARK 

     SoldermaskTop created.


================================================================
     PROCESSING FILM < SoldermaskBottom >
     TO FILE < C:/Users/user/Desktop/work/0801/EX1)OSCILLATOR/allegro/gerber/SoldermaskBottom.art > ...
================================================================

  FILM PARAMETERS :
  ---------------------------------------------------------
  Undefined line width                0.0000
  Mirror code                         NONE
  Rotate angle                        NONE
  Offset x:                           0.0000
  Offset y:                           0.0000
  Plot negative                       NO
  Suppress unconnected internal pads  NO
  Draw holes only                     NO



  APERTURES USED:
  ---------------------------------------------------------
  TYPE       SIZE/NAME                   ROT   MIRROR MODE 
  ---------------------------------------------------------
  CIRCLE     1.11760                                  DARK 
  CIRCLE     1.90500                                  DARK 
  CIRCLE     2.03200                                  DARK 
  CIRCLE     3.68300                                  DARK 
  SQUARE     1.90500                     0.000 NO     DARK 

     SoldermaskBottom created.


================================================================
     PROCESSING FILM < MetalBot >
     TO FILE < C:/Users/user/Desktop/work/0801/EX1)OSCILLATOR/allegro/gerber/MetalBot.art > ...
================================================================

  FILM PARAMETERS :
  ---------------------------------------------------------
  Undefined line width                0.0000
  Mirror code                         NONE
  Rotate angle                        NONE
  Offset x:                           0.0000
  Offset y:                           0.0000
  Plot negative                       NO
  Suppress unconnected internal pads  NO
  Draw holes only                     NO



  APERTURES USED:  NONE
     MetalBot created.


================================================================
     PROCESSING FILM < MetalTop >
     TO FILE < C:/Users/user/Desktop/work/0801/EX1)OSCILLATOR/allegro/gerber/MetalTop.art > ...
================================================================

  FILM PARAMETERS :
  ---------------------------------------------------------
  Undefined line width                0.0000
  Mirror code                         NONE
  Rotate angle                        NONE
  Offset x:                           0.0000
  Offset y:                           0.0000
  Plot negative                       NO
  Suppress unconnected internal pads  NO
  Draw holes only                     NO



  APERTURES USED:  NONE
     MetalTop created.


================================================================
     PROCESSING FILM < DrillDraw >
     TO FILE < C:/Users/user/Desktop/work/0801/EX1)OSCILLATOR/allegro/gerber/DrillDraw.art > ...
================================================================

  FILM PARAMETERS :
  ---------------------------------------------------------
  Undefined line width                0.1000
  Mirror code                         NONE
  Rotate angle                        NONE
  Offset x:                           0.0000
  Offset y:                           0.0000
  Plot negative                       NO
  Suppress unconnected internal pads  NO
  Draw holes only                     NO



  APERTURES USED:  NONE
     DrillDraw created.


------------------------------------------------------
 SUMMARY:
        TOP created with warnings
        BOTTOM created with warnings
        Design created with warnings
        SilkTop created.
        SilkBot created.
        SoldermaskTop created.
        SoldermaskBottom created.
        MetalBot created.
        MetalTop created.
        DrillDraw created.

 ARTWORK had warnings
